0 info it worked if it ends with ok
1 verbose cli [ 'node', '/usr/local/bin/npm', 'install', 'angular-route@X.Y.Z' ]
2 info using npm@2.7.0
3 info using node@v0.10.31
4 warn package.json angular-1@1.0.0 No description
5 warn package.json angular-1@1.0.0 No repository field.
6 warn package.json angular-1@1.0.0 No README data
7 warn package.json path@0.12.7 path is also the name of a node core module.
8 silly cache add args [ 'angular-route@X.Y.Z', null ]
9 verbose cache add spec angular-route@X.Y.Z
10 silly cache add parsed spec { raw: 'angular-route@X.Y.Z',
10 silly cache add   scope: null,
10 silly cache add   name: 'angular-route',
10 silly cache add   rawSpec: 'X.Y.Z',
10 silly cache add   spec: 'X.Y.Z',
10 silly cache add   type: 'tag' }
11 verbose addNamed angular-route@X.Y.Z
12 silly addNamed semver.valid null
13 silly addNamed semver.validRange null
14 info addNameTag [ 'angular-route', 'X.Y.Z' ]
15 silly mapToRegistry name angular-route
16 silly mapToRegistry using default registry
17 silly mapToRegistry registry https://registry.npmjs.org/
18 silly mapToRegistry uri https://registry.npmjs.org/angular-route
19 verbose addNameTag registry:https://registry.npmjs.org/angular-route not in flight; fetching
20 verbose request uri https://registry.npmjs.org/angular-route
21 verbose request no auth needed
22 info attempt registry request try #1 at 15:24:42
23 verbose request id a5f8f22348e78493
24 verbose etag "F4FHZ128HK7LB3H7VWTRZMAQB"
25 http request GET https://registry.npmjs.org/angular-route
26 http 304 https://registry.npmjs.org/angular-route
27 silly get cb [ 304,
27 silly get   { date: 'Tue, 17 Nov 2015 07:28:45 GMT',
27 silly get     via: '1.1 varnish',
27 silly get     'cache-control': 'max-age=60',
27 silly get     etag: '"F4FHZ128HK7LB3H7VWTRZMAQB"',
27 silly get     age: '43',
27 silly get     connection: 'keep-alive',
27 silly get     'x-served-by': 'cache-nrt6129-NRT',
27 silly get     'x-cache': 'HIT',
27 silly get     'x-cache-hits': '1',
27 silly get     'x-timer': 'S1447745325.079586,VS0,VE0',
27 silly get     vary: 'Accept' } ]
28 verbose etag https://registry.npmjs.org/angular-route from cache
29 verbose get saving angular-route to /data/wumengqiang/.npm/registry.npmjs.org/angular-route/.cache.json
30 silly addNameTag next cb for angular-route with tag X.Y.Z
31 verbose stack Error: No compatible version found: angular-route@'X.Y.Z'
31 verbose stack Valid install targets:
31 verbose stack ["1.2.17-build.163.1","1.3.0-rc.5","1.3.0","1.3.1","1.3.2","1.3.3","1.3.4-build.3588","1.2.27","1.3.4","1.3.5","1.3.6","1.3.7","1.2.28","1.3.8","1.4.0-beta.0","1.3.9","1.3.10","1.4.0-beta.1","1.4.0-beta.2","1.3.11","1.4.0-beta.3","1.3.12","1.3.13","1.4.0-beta.4","1.3.14","1.4.0-beta.5","1.4.0-beta.6","1.3.15","1.4.0-rc.0","1.4.0-rc.1","1.4.0-rc.2","1.4.0","1.3.16","1.4.1","1.4.2","1.3.17","1.4.3","1.4.4","1.3.18","1.4.5","1.3.19","1.4.6","1.5.0-beta.0","1.2.29","1.3.20","1.4.7"]
31 verbose stack
31 verbose stack     at installTargetsError (/data/node_modules/npm/lib/cache/add-named.js:266:12)
31 verbose stack     at next (/data/node_modules/npm/lib/cache/add-named.js:80:10)
31 verbose stack     at RES (/data/node_modules/npm/node_modules/inflight/inflight.js:23:14)
31 verbose stack     at f (/data/node_modules/npm/node_modules/once/once.js:17:25)
31 verbose stack     at saved (/data/node_modules/npm/lib/cache/caching-client.js:173:7)
31 verbose stack     at Object.oncomplete (fs.js:107:15)
32 verbose cwd /data/wumengqiang/practise/nodejs/angularjs/angular-1
33 error Linux 2.6.32-431.23.3.el6.centos.plus.x86_64
34 error argv "node" "/usr/local/bin/npm" "install" "angular-route@X.Y.Z"
35 error node v0.10.31
36 error npm  v2.7.0
37 error code ETARGET
38 error notarget No compatible version found: angular-route@'X.Y.Z'
38 error notarget Valid install targets:
38 error notarget ["1.2.17-build.163.1","1.3.0-rc.5","1.3.0","1.3.1","1.3.2","1.3.3","1.3.4-build.3588","1.2.27","1.3.4","1.3.5","1.3.6","1.3.7","1.2.28","1.3.8","1.4.0-beta.0","1.3.9","1.3.10","1.4.0-beta.1","1.4.0-beta.2","1.3.11","1.4.0-beta.3","1.3.12","1.3.13","1.4.0-beta.4","1.3.14","1.4.0-beta.5","1.4.0-beta.6","1.3.15","1.4.0-rc.0","1.4.0-rc.1","1.4.0-rc.2","1.4.0","1.3.16","1.4.1","1.4.2","1.3.17","1.4.3","1.4.4","1.3.18","1.4.5","1.3.19","1.4.6","1.5.0-beta.0","1.2.29","1.3.20","1.4.7"]
38 error notarget
38 error notarget This is most likely not a problem with npm itself.
38 error notarget In most cases you or one of your dependencies are requesting
38 error notarget a package version that doesn't exist.
38 error notarget
38 error notarget It was specified as a dependency of 'angular-1'
39 verbose exit [ 1, true ]
